<?xml version="1.0" encoding="UTF-8"?>
<!-- Generated by org.testng.reporters.JUnitReportReporter -->
<testsuite hostname="DESKTOP-KAVYA" failures="0" tests="1" name="com.qa.testlayer.Testclass" time="28.213" errors="0" timestamp="2023-05-29T12:45:30 IST" skipped="0">
  <testcase classname="com.qa.testlayer.Testclass" name="check_fbFunctionality" time="28.213"/>
  <system-out/>
</testsuite> <!-- com.qa.testlayer.Testclass -->
